<?xml version="1.0" encoding="UTF-8"?>
<!-- Generated by org.testng.reporters.JUnitXMLReporter -->
<testsuite ignored="0" hostname="DESKTOP-EQ55Q8H" failures="0" tests="3" name="Default test" time="0.131" errors="0" timestamp="2025-06-04T19:19:25 IST">
  <testcase classname="groupingInTestng.signup" name="signupByGmail" time="0.022"/>
  <testcase classname="groupingInTestng.signup" name="signupByFacebook" time="0.004"/>
  <testcase classname="groupingInTestng.signup" name="signupByAppleAccount" time="0.003"/>
</testsuite> <!-- Default test -->
