<?xml version="1.0" encoding="UTF-8"?>
<!-- Generated by org.testng.reporters.JUnitXMLReporter -->
<testsuite ignored="0" hostname="DESKTOP-EQ55Q8H" failures="0" tests="4" name="Default test" time="10.875" errors="0" timestamp="2025-06-03T19:51:28 IST">
  <testcase classname="TestNg01.OrangeHrmLogin" name="open" time="7.087"/>
  <testcase classname="TestNg01.OrangeHrmLogin" name="logo" time="3.082"/>
  <testcase classname="TestNg01.OrangeHrmLogin" name="login" time="0.425"/>
  <testcase classname="TestNg01.OrangeHrmLogin" name="close" time="0.182"/>
</testsuite> <!-- Default test -->
