<?xml version="1.0" encoding="UTF-8"?>
<!-- Generated by org.testng.reporters.JUnitXMLReporter -->
<testsuite ignored="0" hostname="DESKTOP-EQ55Q8H" failures="0" tests="3" name="chrome" time="20.113" errors="0" timestamp="2025-06-05T18:41:32 IST">
  <testcase classname="parallelTesting.parallelTestingWebPage" name="logotest" time="0.07"/>
  <testcase classname="parallelTesting.parallelTestingWebPage" name="pageTitle" time="0.014"/>
  <testcase classname="parallelTesting.parallelTestingWebPage" name="url" time="0.016"/>
</testsuite> <!-- chrome -->
