<?xml version="1.0" encoding="UTF-8"?>
<!-- Generated by org.testng.reporters.JUnitXMLReporter -->
<testsuite ignored="0" hostname="DESKTOP-EQ55Q8H" failures="0" tests="3" name="firefox" time="17.606" errors="0" timestamp="2025-06-05T18:42:16 IST">
  <testcase classname="parallelTesting.parallelTestingWebPage" name="logotest" time="0.125"/>
  <testcase classname="parallelTesting.parallelTestingWebPage" name="pageTitle" time="0.008"/>
  <testcase classname="parallelTesting.parallelTestingWebPage" name="url" time="0.008"/>
</testsuite> <!-- firefox -->
