<?xml version="1.0" encoding="UTF-8"?>
<!-- Generated by org.testng.reporters.JUnitXMLReporter -->
<testsuite ignored="0" hostname="DESKTOP-EQ55Q8H" failures="0" tests="8" name="Test" time="0.226" errors="0" timestamp="2025-06-04T19:21:04 IST">
  <testcase classname="groupingInTestng.login" name="byGmail" time="0.018"/>
  <testcase classname="groupingInTestng.login" name="byFacebook" time="0.003"/>
  <testcase classname="groupingInTestng.login" name="byAppleID" time="0.006"/>
  <testcase classname="groupingInTestng.payment" name="paymentByRupee" time="0.006"/>
  <testcase classname="groupingInTestng.payment" name="paymentByDollar" time="0.003"/>
  <testcase classname="groupingInTestng.signup" name="signupByGmail" time="0.003"/>
  <testcase classname="groupingInTestng.signup" name="signupByFacebook" time="0.006"/>
  <testcase classname="groupingInTestng.signup" name="signupByAppleAccount" time="0.004"/>
</testsuite> <!-- Test -->
