<?xml version="1.0" encoding="UTF-8"?>
<testng-results ignored="0" total="1" passed="1" failed="0" skipped="0">
  <reporter-output>
  </reporter-output>
  <suite started-at="2025-06-06T18:48:38 IST" name="Suite" finished-at="2025-06-06T18:48:50 IST" duration-ms="11630">
    <groups>
    </groups>
    <test started-at="2025-06-06T18:48:38 IST" name="pageObjectdemo" finished-at="2025-06-06T18:48:50 IST" duration-ms="11630">
      <class name="PageObjectDemo.test_Login">
        <test-method is-config="true" signature="setup()[pri:0, instance:PageObjectDemo.test_Login@bcec361]" started-at="2025-06-06T18:48:39 IST" name="setup" finished-at="2025-06-06T18:48:49 IST" duration-ms="10367" status="PASS">
          <reporter-output>
          </reporter-output>
        </test-method> <!-- setup -->
        <test-method signature="testLogin()[pri:0, instance:PageObjectDemo.test_Login@bcec361]" started-at="2025-06-06T18:48:49 IST" name="testLogin" finished-at="2025-06-06T18:48:50 IST" duration-ms="400" status="PASS">
          <reporter-output>
          </reporter-output>
        </test-method> <!-- testLogin -->
        <test-method is-config="true" signature="tearDown()[pri:0, instance:PageObjectDemo.test_Login@bcec361]" started-at="2025-06-06T18:48:50 IST" name="tearDown" finished-at="2025-06-06T18:48:50 IST" duration-ms="302" status="PASS">
          <reporter-output>
          </reporter-output>
        </test-method> <!-- tearDown -->
      </class> <!-- PageObjectDemo.test_Login -->
    </test> <!-- pageObjectdemo -->
  </suite> <!-- Suite -->
</testng-results>
